2026-03-13 02:02:35 - NEMU - INFO - [NEMU_SearchEngine.py:79] - NEMU Search Engine initialized
2026-03-13 02:04:11 - NEMU - INFO - [NEMU_SearchEngine.py:28] - Search initiated - Query: 'Narendra Modi' | Results requested: 5
2026-03-13 02:04:11 - NEMU - DEBUG - [NEMU_SearchEngine.py:37] - Sending request to SerpAPI
2026-03-13 02:04:11 - NEMU - DEBUG - [NEMU_SearchEngine.py:40] - API Response received successfully
2026-03-13 02:04:11 - NEMU - WARNING - [NEMU_SearchEngine.py:43] - No results found for query: 'Narendra Modi'
2026-03-13 02:04:13 - NEMU - INFO - [NEMU_SearchEngine.py:28] - Search initiated - Query: 'Prime Minister of India' | Results requested: 5
2026-03-13 02:04:13 - NEMU - DEBUG - [NEMU_SearchEngine.py:37] - Sending request to SerpAPI
2026-03-13 02:04:13 - NEMU - DEBUG - [NEMU_SearchEngine.py:40] - API Response received successfully
2026-03-13 02:04:13 - NEMU - WARNING - [NEMU_SearchEngine.py:43] - No results found for query: 'Prime Minister of India'
2026-03-13 02:05:33 - NEMU - INFO - [NEMU_SearchEngine.py:28] - Search initiated - Query: 'weather in Kolkata' | Results requested: 5
2026-03-13 02:05:33 - NEMU - DEBUG - [NEMU_SearchEngine.py:37] - Sending request to SerpAPI
2026-03-13 02:05:33 - NEMU - DEBUG - [NEMU_SearchEngine.py:40] - API Response received successfully
2026-03-13 02:05:33 - NEMU - WARNING - [NEMU_SearchEngine.py:43] - No results found for query: 'weather in Kolkata'
2026-03-13 02:06:13 - NEMU - INFO - [NEMU_SearchEngine.py:28] - Search initiated - Query: 'Epstein files' | Results requested: 5
2026-03-13 02:06:13 - NEMU - DEBUG - [NEMU_SearchEngine.py:37] - Sending request to SerpAPI
2026-03-13 02:06:13 - NEMU - DEBUG - [NEMU_SearchEngine.py:40] - API Response received successfully
2026-03-13 02:06:13 - NEMU - WARNING - [NEMU_SearchEngine.py:43] - No results found for query: 'Epstein files'
2026-03-13 02:08:53 - NEMU - INFO - [NEMU_SearchEngine.py:28] - Search initiated - Query: 'Israel Iran conflict' | Results requested: 5
2026-03-13 02:08:53 - NEMU - DEBUG - [NEMU_SearchEngine.py:37] - Sending request to SerpAPI
2026-03-13 02:08:53 - NEMU - DEBUG - [NEMU_SearchEngine.py:40] - API Response received successfully
2026-03-13 02:08:53 - NEMU - WARNING - [NEMU_SearchEngine.py:43] - No results found for query: 'Israel Iran conflict'
2026-03-13 02:08:55 - NEMU - INFO - [NEMU_SearchEngine.py:28] - Search initiated - Query: 'Israel Iran war ended' | Results requested: 5
2026-03-13 02:08:55 - NEMU - DEBUG - [NEMU_SearchEngine.py:37] - Sending request to SerpAPI
2026-03-13 02:08:56 - NEMU - DEBUG - [NEMU_SearchEngine.py:40] - API Response received successfully
2026-03-13 02:08:56 - NEMU - WARNING - [NEMU_SearchEngine.py:43] - No results found for query: 'Israel Iran war ended'
